2021-09-09 17:19:14,043:INFO:PyCaret Supervised Module
2021-09-09 17:19:14,044:INFO:ML Usecase: anomaly
2021-09-09 17:19:14,045:INFO:version 2.3.3
2021-09-09 17:19:14,045:INFO:Initializing setup()
2021-09-09 17:19:14,045:INFO:setup(target=None, ml_usecase=anomaly, available_plots={'tsne': 'Anomaly TSnE (3d)', 'umap': 'UMAP Dimensionality'}, train_size=0.7, test_data=None, preprocess=True, imputation_type=simple, iterative_imputation_iters=5, categorical_features=None, categorical_imputation=mode, categorical_iterative_imputer=lightgbm, ordinal_features=None, high_cardinality_features=None, high_cardinality_method=frequency, numeric_features=None, numeric_imputation=mean, numeric_iterative_imputer=lightgbm, date_features=None, ignore_features=None, normalize=False, normalize_method=zscore, transformation=False, transformation_method=yeo-johnson, handle_unknown_categorical=True, unknown_categorical_method=least_frequent, pca=False, pca_method=linear, pca_components=None, ignore_low_variance=False, combine_rare_levels=False, rare_level_threshold=0.1, bin_numeric_features=None, remove_outliers=False, outliers_threshold=0.05, remove_multicollinearity=False, multicollinearity_threshold=0.9, remove_perfect_collinearity=False, create_clusters=False, cluster_iter=20, polynomial_features=False, polynomial_degree=2, trigonometry_features=False, polynomial_threshold=0.1, group_features=None, group_names=None, feature_selection=False, feature_selection_threshold=0.8, feature_selection_method=classic, feature_interaction=False, feature_ratio=False, interaction_threshold=0.01, fix_imbalance=False, fix_imbalance_method=None, transform_target=False, transform_target_method=box-cox, data_split_shuffle=False, data_split_stratify=False, fold_strategy=kfold, fold=10, fold_shuffle=False, fold_groups=None, n_jobs=-1, use_gpu=False, custom_pipeline=None, html=True, session_id=123, log_experiment=False, experiment_name=None, log_plots=False, log_profile=False, log_data=False, silent=False, verbose=True, profile=False, profile_kwargs=None, display=None)
2021-09-09 17:19:14,045:INFO:Checking environment
2021-09-09 17:19:14,045:INFO:python_version: 3.8.5
2021-09-09 17:19:14,045:INFO:python_build: ('default', 'Sep  4 2020 07:30:14')
2021-09-09 17:19:14,045:INFO:machine: x86_64
2021-09-09 17:19:16,420:INFO:platform: Linux-4.15.0-1065-aws-x86_64-with-glibc2.10
2021-09-09 17:19:16,420:INFO:Memory: svmem(total=8257556480, available=5125779456, percent=37.9, used=2750214144, free=3857719296, active=3207843840, inactive=860852224, buffers=229941248, cached=1419681792, shared=74465280, slab=234946560)
2021-09-09 17:19:16,421:INFO:Physical Core: 1
2021-09-09 17:19:16,422:INFO:Logical Core: 2
2021-09-09 17:19:16,422:INFO:Checking libraries
2021-09-09 17:19:16,422:INFO:pd==1.1.3
2021-09-09 17:19:16,422:INFO:numpy==1.19.5
2021-09-09 17:19:16,422:INFO:sklearn==0.23.2
2021-09-09 17:19:16,422:INFO:lightgbm==3.1.1
2021-09-09 17:19:22,594:INFO:catboost==0.24.4
2021-09-09 17:19:24,985:INFO:xgboost==1.3.3
2021-09-09 17:19:27,998:INFO:mlflow==1.13.1
2021-09-09 17:19:27,998:INFO:Checking Exceptions
2021-09-09 17:19:27,999:INFO:Declaring global variables
2021-09-09 17:19:27,999:INFO:USI: 5457
2021-09-09 17:19:27,999:INFO:pycaret_globals: {'seed', 'display_container', 'X', 'iterative_imputation_iters_param', '_gpu_n_jobs_param', 'imputation_regressor', 'target_param', 'data_before_preprocess', '_all_metrics', 'fold_groups_param', '_ml_usecase', 'stratify_param', 'transform_target_method_param', 'fix_imbalance_param', 'logging_param', 'log_plots_param', 'exp_name_log', 'transform_target_param', '_all_models_internal', '_all_models', 'experiment__', '_available_plots', 'fold_groups_param_full', 'fold_generator', 'gpu_param', 'imputation_classifier', 'fold_shuffle_param', 'pycaret_globals', 'html_param', 'n_jobs_param', 'fix_imbalance_method_param', 'prep_pipe', 'create_model_container', '_internal_pipeline', 'fold_param', 'USI', 'master_model_container'}
2021-09-09 17:19:27,999:INFO:Preparing display monitor
2021-09-09 17:19:27,999:INFO:Preparing display monitor
2021-09-09 17:19:28,028:INFO:Importing libraries
2021-09-09 17:19:28,028:INFO:Copying data for preprocessing
2021-09-09 17:19:28,046:INFO:Declaring preprocessing parameters
2021-09-09 17:19:28,064:INFO:Creating preprocessing pipeline
2021-09-09 17:19:28,090:INFO:Preprocessing pipeline created successfully
2021-09-09 17:19:28,091:ERROR:(Process Exit): setup has been interupted with user command 'quit'. setup must rerun.
2021-09-09 17:19:28,092:INFO:Creating global containers
2021-09-09 17:19:28,094:INFO:Internal pipeline: Pipeline(memory=None, steps=[('empty_step', 'passthrough')], verbose=False)
2021-09-09 17:19:31,534:INFO:Creating grid variables
2021-09-09 17:19:32,170:INFO:create_model_container: 0
2021-09-09 17:19:32,171:INFO:master_model_container: 0
2021-09-09 17:19:32,171:INFO:display_container: 1
2021-09-09 17:19:32,182:INFO:Pipeline(memory=None,
         steps=[('dtypes',
                 DataTypes_Auto_infer(categorical_features=[],
                                      display_types=True, features_todrop=[],
                                      id_columns=[], ml_usecase='regression',
                                      numerical_features=[],
                                      target='UNSUPERVISED_DUMMY_TARGET',
                                      time_features=[])),
                ('imputer',
                 Simple_Imputer(categorical_strategy='most frequent',
                                fill_value_categorical=None,
                                fill_value_numerical=None...
                ('scaling', 'passthrough'), ('P_transform', 'passthrough'),
                ('binn', 'passthrough'), ('rem_outliers', 'passthrough'),
                ('cluster_all', 'passthrough'),
                ('dummy', Dummify(target='UNSUPERVISED_DUMMY_TARGET')),
                ('fix_perfect', 'passthrough'),
                ('clean_names', Clean_Colum_Names()),
                ('feature_select', 'passthrough'), ('fix_multi', 'passthrough'),
                ('dfs', 'passthrough'), ('pca', 'passthrough')],
         verbose=False)
2021-09-09 17:19:32,182:INFO:setup() succesfully completed......................................
2021-09-09 17:19:32,540:INFO:gpu_param set to False
2021-09-09 17:19:32,588:INFO:Initializing create_model()
2021-09-09 17:19:32,590:INFO:create_model(estimator=iforest, num_clusters=4, fraction=0.05, ground_truth=None, round=4, fit_kwargs=None, verbose=True, system=True, raise_num_clusters=False, display=None, kwargs={})
2021-09-09 17:19:32,594:INFO:Checking exceptions
2021-09-09 17:19:32,594:INFO:Preparing display monitor
2021-09-09 17:19:32,624:INFO:Importing libraries
2021-09-09 17:19:32,644:INFO:Importing untrained model
2021-09-09 17:19:32,659:INFO:Isolation Forest Imported succesfully
2021-09-09 17:19:32,673:INFO:Fitting Model
2021-09-09 17:19:33,241:INFO:IForest(behaviour='new', bootstrap=False, contamination=0.05,
    max_features=1.0, max_samples='auto', n_estimators=100, n_jobs=-1,
    random_state=123, verbose=0)
2021-09-09 17:19:33,242:INFO:create_models() succesfully completed......................................
2021-09-09 17:19:33,243:INFO:Uploading results into container
2021-09-09 17:19:33,245:INFO:Uploading model into container now
2021-09-09 17:19:33,247:INFO:create_model_container: 1
2021-09-09 17:19:33,248:INFO:master_model_container: 1
2021-09-09 17:19:33,248:INFO:display_container: 2
2021-09-09 17:19:33,249:INFO:IForest(behaviour='new', bootstrap=False, contamination=0.05,
    max_features=1.0, max_samples='auto', n_estimators=100, n_jobs=-1,
    random_state=123, verbose=0)
2021-09-09 17:19:33,250:INFO:create_model() succesfully completed......................................
2021-09-09 17:19:33,563:INFO:Initializing create_model()
2021-09-09 17:19:33,563:INFO:create_model(estimator=knn, num_clusters=4, fraction=0.05, ground_truth=None, round=4, fit_kwargs=None, verbose=True, system=True, raise_num_clusters=False, display=None, kwargs={})
2021-09-09 17:19:33,564:INFO:Checking exceptions
2021-09-09 17:19:33,564:INFO:Preparing display monitor
2021-09-09 17:19:33,589:INFO:Importing libraries
2021-09-09 17:19:33,605:INFO:Importing untrained model
2021-09-09 17:19:33,621:INFO:K-Nearest Neighbors Detector Imported succesfully
2021-09-09 17:19:33,635:INFO:Fitting Model
2021-09-09 17:19:33,682:INFO:KNN(algorithm='auto', contamination=0.05, leaf_size=30, method='largest',
  metric='minkowski', metric_params=None, n_jobs=-1, n_neighbors=5, p=2,
  radius=1.0)
2021-09-09 17:19:33,683:INFO:create_models() succesfully completed......................................
2021-09-09 17:19:33,684:INFO:Uploading results into container
2021-09-09 17:19:33,684:INFO:Uploading model into container now
2021-09-09 17:19:33,686:INFO:create_model_container: 2
2021-09-09 17:19:33,686:INFO:master_model_container: 2
2021-09-09 17:19:33,686:INFO:display_container: 3
2021-09-09 17:19:33,686:INFO:KNN(algorithm='auto', contamination=0.05, leaf_size=30, method='largest',
  metric='minkowski', metric_params=None, n_jobs=-1, n_neighbors=5, p=2,
  radius=1.0)
2021-09-09 17:19:33,686:INFO:create_model() succesfully completed......................................
2021-09-09 17:19:33,942:INFO:Initializing assign_model()
2021-09-09 17:19:33,942:INFO:assign_model(model=IForest(behaviour='new', bootstrap=False, contamination=0.05,
    max_features=1.0, max_samples='auto', n_estimators=100, n_jobs=-1,
    random_state=123, verbose=0), transformation=False, score=True, verbose=True)
2021-09-09 17:19:33,942:INFO:Checking exceptions
2021-09-09 17:19:33,942:INFO:Determining Trained Model
2021-09-09 17:19:33,943:INFO:Trained Model : Isolation Forest
2021-09-09 17:19:33,943:INFO:Copying data
2021-09-09 17:19:33,945:INFO:(1000, 12)
2021-09-09 17:19:33,946:INFO:assign_model() succesfully completed......................................
2021-09-09 17:19:34,040:INFO:Initializing plot_model()
2021-09-09 17:19:34,041:INFO:plot_model(plot=tsne, fold=None, use_train_data=False, verbose=True, is_in_evaluate=False, display=None, display_format=None, estimator=KNN(algorithm='auto', contamination=0.05, leaf_size=30, method='largest',
  metric='minkowski', metric_params=None, n_jobs=-1, n_neighbors=5, p=2,
  radius=1.0), feature_name=None, fit_kwargs=None, groups=None, label=False, save=False, scale=1, system=True)
2021-09-09 17:19:34,042:INFO:Checking exceptions
2021-09-09 17:19:34,042:INFO:Preparing display monitor
2021-09-09 17:19:34,057:INFO:Preloading libraries
2021-09-09 17:19:34,063:INFO:Copying training dataset
2021-09-09 17:19:34,064:INFO:Plot type: tsne
2021-09-09 17:19:34,412:INFO:SubProcess assign_model() called ==================================
2021-09-09 17:19:34,413:INFO:Initializing assign_model()
2021-09-09 17:19:34,413:INFO:assign_model(model=KNN(algorithm='auto', contamination=0.05, leaf_size=30, method='largest',
  metric='minkowski', metric_params=None, n_jobs=-1, n_neighbors=5, p=2,
  radius=1.0), transformation=True, score=False, verbose=False)
2021-09-09 17:19:34,413:INFO:Checking exceptions
2021-09-09 17:19:34,413:INFO:Determining Trained Model
2021-09-09 17:19:34,414:INFO:Trained Model : K-Nearest Neighbors Detector
2021-09-09 17:19:34,414:INFO:Copying data
2021-09-09 17:19:34,414:INFO:Transformation param set to True. Assigned clusters are attached on transformed dataset.
2021-09-09 17:19:34,415:INFO:(1000, 11)
2021-09-09 17:19:34,415:INFO:assign_model() succesfully completed......................................
2021-09-09 17:19:34,416:INFO:SubProcess assign_model() end ==================================
2021-09-09 17:19:34,419:INFO:Getting dummies to cast categorical variables
2021-09-09 17:19:34,419:INFO:Fitting TSNE()
2021-09-09 17:20:01,579:INFO:Rendering Visual
2021-09-09 17:20:09,870:INFO:Visual Rendered Successfully
2021-09-09 17:20:10,219:INFO:plot_model() succesfully completed......................................
2021-09-09 17:20:10,370:INFO:Initializing save_model()
2021-09-09 17:20:10,485:INFO:save_model(model=IForest(behaviour='new', bootstrap=False, contamination=0.05,
    max_features=1.0, max_samples='auto', n_estimators=100, n_jobs=-1,
    random_state=123, verbose=0), model_name=iforest, prep_pipe_=Pipeline(memory=None,
         steps=[('dtypes',
                 DataTypes_Auto_infer(categorical_features=[],
                                      display_types=True, features_todrop=[],
                                      id_columns=[], ml_usecase='regression',
                                      numerical_features=[],
                                      target='UNSUPERVISED_DUMMY_TARGET',
                                      time_features=[])),
                ('imputer',
                 Simple_Imputer(categorical_strategy='most frequent',
                                fill_value_categorical=None,
                                fill_value_numerical=None...
                ('scaling', 'passthrough'), ('P_transform', 'passthrough'),
                ('binn', 'passthrough'), ('rem_outliers', 'passthrough'),
                ('cluster_all', 'passthrough'),
                ('dummy', Dummify(target='UNSUPERVISED_DUMMY_TARGET')),
                ('fix_perfect', 'passthrough'),
                ('clean_names', Clean_Colum_Names()),
                ('feature_select', 'passthrough'), ('fix_multi', 'passthrough'),
                ('dfs', 'passthrough'), ('pca', 'passthrough')],
         verbose=False), verbose=True, kwargs={})
2021-09-09 17:20:10,485:INFO:Adding model into prep_pipe
2021-09-09 17:20:10,700:INFO:iforest.pkl saved in current working directory
2021-09-09 17:20:10,712:INFO:Pipeline(memory=None,
         steps=[('dtypes',
                 DataTypes_Auto_infer(categorical_features=[],
                                      display_types=True, features_todrop=[],
                                      id_columns=[], ml_usecase='regression',
                                      numerical_features=[],
                                      target='UNSUPERVISED_DUMMY_TARGET',
                                      time_features=[])),
                ('imputer',
                 Simple_Imputer(categorical_strategy='most frequent',
                                fill_value_categorical=None,
                                fill_value_numerical=None...
                ('fix_perfect', 'passthrough'),
                ('clean_names', Clean_Colum_Names()),
                ('feature_select', 'passthrough'), ('fix_multi', 'passthrough'),
                ('dfs', 'passthrough'), ('pca', 'passthrough'),
                ['trained_model',
                 IForest(behaviour='new', bootstrap=False, contamination=0.05,
    max_features=1.0, max_samples='auto', n_estimators=100, n_jobs=-1,
    random_state=123, verbose=0)]],
         verbose=False)
2021-09-09 17:20:10,712:INFO:save_model() successfully completed......................................
